2244:C 30 Mar 2022 10:43:31.980 # oO0OoO0OoO0Oo Redis is starting oO0OoO0OoO0Oo
2244:C 30 Mar 2022 10:43:31.980 # Redis version=5.0.4, bits=64, commit=00000000, modified=0, pid=2244, just started
2244:C 30 Mar 2022 10:43:31.980 # Configuration loaded
2245:M 30 Mar 2022 10:43:31.982 * Increased maximum number of open files to 10032 (it was originally set to 1024).
2245:M 30 Mar 2022 10:43:31.982 * No cluster configuration found, I'm ed75af8f178dfaa90d9671edee5167c82c4d4407
                _._                                                  
           _.-``__ ''-._                                             
      _.-``    `.  `_.  ''-._           Redis 5.0.4 (00000000/0) 64 bit
  .-`` .-```.  ```\/    _.,_ ''-._                                   
 (    '      ,       .-`  | `,    )     Running in cluster mode
 |`-._`-...-` __...-.``-._|'` _.-'|     Port: 7000
 |    `-._   `._    /     _.-'    |     PID: 2245
  `-._    `-._  `-./  _.-'    _.-'                                   
 |`-._`-._    `-.__.-'    _.-'_.-'|                                  
 |    `-._`-._        _.-'_.-'    |           http://redis.io        
  `-._    `-._`-.__.-'_.-'    _.-'                                   
 |`-._`-._    `-.__.-'    _.-'_.-'|                                  
 |    `-._`-._        _.-'_.-'    |                                  
  `-._    `-._`-.__.-'_.-'    _.-'                                   
      `-._    `-.__.-'    _.-'                                       
          `-._        _.-'                                           
              `-.__.-'                                               

2245:M 30 Mar 2022 10:43:32.005 # WARNING: The TCP backlog setting of 511 cannot be enforced because /proc/sys/net/core/somaxconn is set to the lower value of 128.
2245:M 30 Mar 2022 10:43:32.005 # Server initialized
2245:M 30 Mar 2022 10:43:32.006 # WARNING overcommit_memory is set to 0! Background save may fail under low memory condition. To fix this issue add 'vm.overcommit_memory = 1' to /etc/sysctl.conf and then reboot or run the command 'sysctl vm.overcommit_memory=1' for this to take effect.
2245:M 30 Mar 2022 10:43:32.006 # WARNING you have Transparent Huge Pages (THP) support enabled in your kernel. This will create latency and memory usage issues with Redis. To fix this issue run the command 'echo never > /sys/kernel/mm/transparent_hugepage/enabled' as root, and add it to your /etc/rc.local in order to retain the setting after a reboot. Redis must be restarted after THP is disabled.
2245:M 30 Mar 2022 10:43:32.006 * Ready to accept connections
2245:M 30 Mar 2022 10:59:15.298 # IP address for this node updated to 192.168.175.105
2245:M 30 Mar 2022 11:21:58.703 # Cluster state changed: ok
